
batch("04-avaliacao_de_pontos.mac")

read and interpret file: #p/export/fs/src/git/f/04-avaliacao_de_pontos.mac
load("ambiente.mac")
Loading /home/administrador/.maxima/binary/5_36_1/gcl/GCL_2_6_12/share/draw/grcommon.o
start address -T 0x293e010 Finished loading /home/administrador/.maxima/binary/5_36_1/gcl/GCL_2_6_12/share/draw/grcommon.o
Loading /home/administrador/.maxima/binary/5_36_1/gcl/GCL_2_6_12/share/draw/gnuplot.o
start address -T 0x2958440 Finished loading /home/administrador/.maxima/binary/5_36_1/gcl/GCL_2_6_12/share/draw/gnuplot.o
Loading /home/administrador/.maxima/binary/5_36_1/gcl/GCL_2_6_12/share/draw/vtk.o
start address -T 0x299c750 Finished loading /home/administrador/.maxima/binary/5_36_1/gcl/GCL_2_6_12/share/draw/vtk.o
Loading /home/administrador/.maxima/binary/5_36_1/gcl/GCL_2_6_12/share/draw/picture.o
start address -T 0x29c3ca0 Finished loading /home/administrador/.maxima/binary/5_36_1/gcl/GCL_2_6_12/share/draw/picture.o
x:1/%e^%e
                                      - %e
                                    %e
fpprec:50
                                      50
f(n,x,y):=block([i:1],
  if x = 0 then (if remainder(n,2) = 0 then 1 else 0)
      else (for i thru n do y:x^y,y))
git:sconcat(HOME,"/git/f")
k0:39999
t_k0:913646.2
f_k0:3.6788581313751294556452860747414715238754710317516b-1
k1:1+k0
ti:t_k0
fi:f_k0
nk:100000
nj:10000
ni:50
file:sconcat(git,"/04-avaliacao_de_pontos-",numpad(fpprec,3,"0",0,""),"dig-",
             numpad(nk,6,"0",0,""),"-",numpad(nj,6,"0",0,""),"-",
             numpad(ni,6,"0",0,""),".log")
header:""
if not file_search(file)
    then header:"-----ğ‘˜|--ğ‘›=ğ‘˜Â·ğ‘›â±¼Â·ğ‘›áµ¢|-----tâ±¼áµ¢------|--------tâ‚œâ‚’â‚œâ‚â‚—---------|------data e hora (utc)-------|Æ’â‚™(1/ğ‘’áµ‰) â†’ 1/ğ‘’ â‰ˆ 0.36787944117144~%"
out:opena(file)
t0:ts()
t0[4]
                              2015/11/25 13:17:49
printf(out,
       sconcat(header,
               "~%------|-----------|------|-------|---------|-------------|~d|~a|~%"),
       t0[3],t0[4])
for k from k1 thru nk do
    (t1:ts(),for j thru nj do fi:bfloat(f(ni,x,fi)),t2:ts(),
     printf(out,"~a|~a|~a|~a|~a|~a|~d|~a|~h~%",numpad(k,6," ",0,""),
            numpad(k*nj*ni,11," ",0,""),numpad(t2[1]-t1[1],4," ",1,"0"),
            sf2msf(t2[1]-t1[1],1),numpad(t2[1]-t0[1]+ti,7," ",1,"0"),
            sf2dhmsf(t2[1]-t0[1]+ti,1),t2[3],t2[4],fi))
