
2015-11-01 03:37:48-01:00

0001   000500000   749   0 00:12:29.0   0.3691549041042972708544236949945159870025854251659293611073869972660995343508075922466780962477445017
0002   001000000   706   0 00:24:15.0   0.3687811053369587113854941169016419220270895863334543425504167200344830764983936557780714430823041023
0003   001500000   690   0 00:35:45.0   0.3686155653931857417952173083415191515928075358670391653402882661508619337127807382090902331360149026
0004   002000000   712   0 00:47:37.0   0.3685169012905291883098518620798770094507234425182710946413416129552331710210213214838473567778143518
0005   002500000   722   0 00:59:39.0   0.3684495770679052803174010344100664916740279594695897675509117842599917446111563631628648180342223472
0006   003000000   701   0 01:11:20.0   0.3683998842768334642357229341750615764933879917937942506045144860712797157495112751129804675513631989
0007   003500000   705   0 01:23:05.0   0.3683612653441113412380097713555047017990558893386675107398984658394063439229222809519842235747520061
0008   004000000   694   0 01:34:39.0   0.3683301369730119447855243266680778868332955510174152034274488853728774126214842335702812016221821958
0009   004500000   654   0 01:45:33.0   0.3683043538708396686134431465198848000184355181115442046326969043375596171601117621320074128918940962
0010   005000000   641   0 01:56:14.0   0.3682825428293504334748020887990377964124386123171994956025393258492663271526382569136465990421348439
0011   005500000   637   0 02:06:51.0   0.3682637786615227608589676287681069274308068698032636479140028662622697092201577734552425913105667473
0012   006000000   630   0 02:17:21.0   0.3682474122428052101604292322318488088691680194245524247257812961509004505388106027861231803455390615
0013   006500000   625   0 02:27:46.0   0.3682329728987466954221809100609703821793234979463387281382777415626028940755854027679692772566851612
0014   007000000   625   0 02:38:11.0   0.368220109912173435889688571375181346228898736955665255898335932521363657625983216062686545145331583
0015   007500000   624   0 02:48:35.0   0.3682085558769188458518092232562311003462510710275436393899746653654059551669753169763437469615260567
0016   008000000   620   0 02:58:55.0   0.3681981028668068362964832755387302251573262411787557263653045075976125049982835659199643158526254067
0017   008500000   620   0 03:09:15.0   0.3681885864394673717332481501541506831078047751243202008575745227769669576199860272553000433623973553
0018   009000000   619   0 03:19:34.0   0.3681798746021637013494853749737470689600224102105856699805266710867872936977280301966946977535510888
0019   009500000   617   0 03:29:51.0   0.3681718600174827557895487920890293183183261164107745000915710359039400850225546689997873815363702635
0020   010000000   615   0 03:40:06.0   0.3681644543815038744705056460182945047627167388597592077056870929423742286785309148952029768442510043
0021   010500000   615   0 03:50:21.0   0.3681575842932775926224209763424251617165522024713949378179703715401508336576592720890845919582612937
0022   011000000   614   0 04:00:35.0   0.36815118816955999195469999957870033013586637967864187434971573330812882976620822332612927683942028
0023   011500000   620   0 04:10:55.0   0.3681452139059288282394464946782433064617269657823248539070078863691367822865349034162780556944885204
0024   012000000   611   0 04:21:06.0   0.36813961707986490301116577649449997276433039719783569051846992676904207170054225907998207614254718
0025   012500000   610   0 04:31:16.0   0.3681343595533723412640917305625573378176676776444512770629100954637833199376369517152368535974621084
0026   013000000   609   0 04:41:25.0   0.3681294083742230834531737569659058055401895372128609699848271991403599010165303234022335499897723973
0027   013500000   610   0 04:51:35.0   0.3681247349032225528580751079349131688741575327688897540409639336913538233026121066253499522455434111
0028   014000000   609   0 05:01:44.0   0.3681203141145273655445513342241032298960469588781311384829597466129566998389803249926218442408745136
0029   014500000   609   0 05:11:53.0   0.3681161240298714989288658149785666453501346440675788546698711632069410535617213830725577259312466791
0030   015000000   605   0 05:21:58.0   0.3681121452574304753498918317397662716935625232212875782892136288914993315081436892420068427117635242
0031   015500000   603   0 05:32:01.0   0.3681083606131956428429198383621746031370233645309617939449550714791595368712575667323515517646173892
0032   016000000   605   0 05:42:06.0   0.3681047548079600343422669528601481608145027991519477723639754596982441632875831458613211417440514172
0033   016500000   604   0 05:52:10.0   0.3681013141868888005732932603692420558926556251235700267113096676059168219104433121082535284897691347
0034   017000000   605   0 06:02:15.0   0.3680980265115432475165239756689816731255351986671087998600339904083821521961233406050244697185382821
0035   017500000   604   0 06:12:19.0   0.3680948807764148670907912151935805762427968460846142307698387460721478395452614594271234116504289462
0036   018000000   604   0 06:22:23.0   0.3680918670536928316081201635984995105524627262757884137306704933733631482238167712104429374353271588
0037   018500000   602   0 06:32:25.0   0.368088976361269777083701607247321785458133414593725316720398919094932456367511258685402405214360574
0038   019000000   600   0 06:42:25.0   0.3680862005499834360008740467860413716686674147181286373850027265113452527722712141905168323826558652
0039   019500000   599   0 06:52:24.0   0.3680835322068665810666526090837006308029582310102775131223538266939475359661678699187001864419867765
0040   020000000   599   0 07:02:23.0   0.3680809645717868872881298119852274556186343608087831816117530960711742912018077767050501297723583409
0041   020500000   599   0 07:12:22.0   0.3680784914653403656238328613937261225857257998648015128549556822911305772888781783705040575086309573
0042   021000000   599   0 07:22:21.0   0.3680761072262458977007165174457228061323506901749882611809471645176352314562891291208937799922530743
0043   021500000   599   0 07:32:20.0   0.3680738066567959297898153963531101815887194491217618856456206837427862742063254365757578730386747162
0044   022000000   599   0 07:42:19.0   0.3680715849751661485679209366302541717041396295381964065048488670052047845246158828261383872271555077
0045   022500000   599   0 07:52:18.0   0.3680694377735876521162734296636462937447935883358348710394500468655064728522192298896291557985256831
0046   023000000   599   0 08:02:17.0   0.3680673609815485245480353206052903551600474086393922122674112751791042632567023789579649723393472621
0047   023500000   595   0 08:12:12.0   0.3680653508333254024273507309238004144169998238445021661059768645262773642249088740734455372618526198
0048   024000000   593   0 08:22:05.0   0.3680634038392554991241214284493417155627814824957481561587702115898020927164978565166143448628305829
0049   024500000   594   0 08:31:59.0   0.3680615167602502688403111734032772936060482637664043078793690681359697642070909765206443431481727148
0050   025000000   594   0 08:41:53.0   0.3680596865851271052326756342603746051884262146918839999268579381292126918404584400129526040609081046

